********************************************************************************
*                       Monday, May 08, 2017 9:09:17 AM                        *
********************************************************************************
CSharpCompilerWrapper.exe version: 2.0.3.30
Platform: Windows
Target assembly: Assembly-CSharp.dll
Project directory: C:\Users\timot\Documents\GitHub\Sarsa
Target profile directory: C:\Program Files\Unity\Editor\Data\Mono\lib\mono\unity
Unity 'Data' or 'Frameworks' directory: C:/Program Files/Unity/Editor/Data
Compiler: Microsoft C# 7.0

- Compilation -----------------------------------------------

Process: C:\Users\timot\Documents\GitHub\Sarsa\CSharp70Support\Roslyn\csc.exe
Arguments: -nostdlib+ -noconfig -nologo -r:"C:\Program Files\Unity\Editor\Data\Mono\lib\mono\unity\mscorlib.dll" -r:"C:\Program Files\Unity\Editor\Data\Mono\lib\mono\unity\System.dll" -r:"C:\Program Files\Unity\Editor\Data\Mono\lib\mono\unity\System.Core.dll" -r:"C:\Program Files\Unity\Editor\Data\Mono\lib\mono\unity\System.Xml.dll" @Temp/UnityTempFile-5bc55deff805cc64ab1ea3800df111b2 
Exit code: 0
Elapsed time: 5.94 sec

- Compiler output (0 lines):

- Compiler errors (0 lines):

- PDB to MDB conversion --------------------------------------

Process: C:\Users\timot\Documents\GitHub\Sarsa\CSharp70Support\Roslyn\pdb2mdb.exe
Arguments: Temp\Assembly-CSharp.dll
Exit code: 0
Elapsed time: 0.17 sec

- pdb2mdb.exe output (0 lines):
********************************************************************************
*                       Monday, May 08, 2017 9:09:24 AM                        *
********************************************************************************
CSharpCompilerWrapper.exe version: 2.0.3.30
Platform: Windows
Target assembly: Assembly-CSharp-Editor.dll
Project directory: C:\Users\timot\Documents\GitHub\Sarsa
Target profile directory: C:\Program Files\Unity\Editor\Data\MonoBleedingEdge\lib\mono\2.0-api
Unity 'Data' or 'Frameworks' directory: C:/Program Files/Unity/Editor/Data
Compiler: Microsoft C# 7.0

- Compilation -----------------------------------------------

Process: C:\Users\timot\Documents\GitHub\Sarsa\CSharp70Support\Roslyn\csc.exe
Arguments: -nostdlib+ -noconfig -nologo -r:"C:\Program Files\Unity\Editor\Data\MonoBleedingEdge\lib\mono\2.0-api\mscorlib.dll" -r:"C:\Program Files\Unity\Editor\Data\MonoBleedingEdge\lib\mono\2.0-api\System.dll" -r:"C:\Program Files\Unity\Editor\Data\MonoBleedingEdge\lib\mono\2.0-api\System.Core.dll" -r:"C:\Program Files\Unity\Editor\Data\MonoBleedingEdge\lib\mono\2.0-api\System.Xml.dll" @Temp/UnityTempFile-394879157b53e564882730e31e1d5f32 
Exit code: 0
Elapsed time: 3.84 sec

- Compiler output (0 lines):

- Compiler errors (0 lines):

- PDB to MDB conversion --------------------------------------

Process: C:\Users\timot\Documents\GitHub\Sarsa\CSharp70Support\Roslyn\pdb2mdb.exe
Arguments: Temp\Assembly-CSharp-Editor.dll
Exit code: 0
Elapsed time: 0.19 sec

- pdb2mdb.exe output (0 lines):
********************************************************************************
*                       Monday, May 08, 2017 9:09:53 AM                        *
********************************************************************************
CSharpCompilerWrapper.exe version: 2.0.3.30
Platform: Windows
Target assembly: Assembly-CSharp.dll
Project directory: C:\Users\timot\Documents\GitHub\Sarsa
Target profile directory: C:\Program Files\Unity\Editor\Data\Mono\lib\mono\unity
Unity 'Data' or 'Frameworks' directory: C:/Program Files/Unity/Editor/Data
Compiler: Microsoft C# 7.0

- Compilation -----------------------------------------------

Process: C:\Users\timot\Documents\GitHub\Sarsa\CSharp70Support\Roslyn\csc.exe
Arguments: -nostdlib+ -noconfig -nologo -r:"C:\Program Files\Unity\Editor\Data\Mono\lib\mono\unity\mscorlib.dll" -r:"C:\Program Files\Unity\Editor\Data\Mono\lib\mono\unity\System.dll" -r:"C:\Program Files\Unity\Editor\Data\Mono\lib\mono\unity\System.Core.dll" -r:"C:\Program Files\Unity\Editor\Data\Mono\lib\mono\unity\System.Xml.dll" @Temp/UnityTempFile-a8b63a13059c9a64aa65f3bfb1b465c7 
Exit code: 0
Elapsed time: 6.66 sec

- Compiler output (0 lines):

- Compiler errors (0 lines):

- PDB to MDB conversion --------------------------------------

Process: C:\Users\timot\Documents\GitHub\Sarsa\CSharp70Support\Roslyn\pdb2mdb.exe
Arguments: Temp\Assembly-CSharp.dll
Exit code: 0
Elapsed time: 0.23 sec

- pdb2mdb.exe output (0 lines):
********************************************************************************
*                       Monday, May 08, 2017 9:10:01 AM                        *
********************************************************************************
CSharpCompilerWrapper.exe version: 2.0.3.30
Platform: Windows
Target assembly: Assembly-CSharp-Editor.dll
Project directory: C:\Users\timot\Documents\GitHub\Sarsa
Target profile directory: C:\Program Files\Unity\Editor\Data\MonoBleedingEdge\lib\mono\2.0-api
Unity 'Data' or 'Frameworks' directory: C:/Program Files/Unity/Editor/Data
Compiler: Microsoft C# 7.0

- Compilation -----------------------------------------------

Process: C:\Users\timot\Documents\GitHub\Sarsa\CSharp70Support\Roslyn\csc.exe
Arguments: -nostdlib+ -noconfig -nologo -r:"C:\Program Files\Unity\Editor\Data\MonoBleedingEdge\lib\mono\2.0-api\mscorlib.dll" -r:"C:\Program Files\Unity\Editor\Data\MonoBleedingEdge\lib\mono\2.0-api\System.dll" -r:"C:\Program Files\Unity\Editor\Data\MonoBleedingEdge\lib\mono\2.0-api\System.Core.dll" -r:"C:\Program Files\Unity\Editor\Data\MonoBleedingEdge\lib\mono\2.0-api\System.Xml.dll" @Temp/UnityTempFile-4d5492a0ce557fe488b2dc63688784bb 
Exit code: 0
Elapsed time: 4.41 sec

- Compiler output (0 lines):

- Compiler errors (0 lines):

- PDB to MDB conversion --------------------------------------

Process: C:\Users\timot\Documents\GitHub\Sarsa\CSharp70Support\Roslyn\pdb2mdb.exe
Arguments: Temp\Assembly-CSharp-Editor.dll
Exit code: 0
Elapsed time: 0.19 sec

- pdb2mdb.exe output (0 lines):
********************************************************************************
*                       Monday, May 08, 2017 9:10:09 AM                        *
********************************************************************************
CSharpCompilerWrapper.exe version: 2.0.3.30
Platform: Windows
Target assembly: Assembly-CSharp.dll
Project directory: C:\Users\timot\Documents\GitHub\Sarsa
Target profile directory: C:\Program Files\Unity\Editor\Data\Mono\lib\mono\unity
Unity 'Data' or 'Frameworks' directory: C:/Program Files/Unity/Editor/Data
Compiler: Microsoft C# 7.0

- Compilation -----------------------------------------------

Process: C:\Users\timot\Documents\GitHub\Sarsa\CSharp70Support\Roslyn\csc.exe
Arguments: -nostdlib+ -noconfig -nologo -r:"C:\Program Files\Unity\Editor\Data\Mono\lib\mono\unity\mscorlib.dll" -r:"C:\Program Files\Unity\Editor\Data\Mono\lib\mono\unity\System.dll" -r:"C:\Program Files\Unity\Editor\Data\Mono\lib\mono\unity\System.Core.dll" -r:"C:\Program Files\Unity\Editor\Data\Mono\lib\mono\unity\System.Xml.dll" @Temp/UnityTempFile-0d83655ffcef6fd41a3e92c546b14da4 
********************************************************************************
*                       Monday, May 08, 2017 9:10:18 AM                        *
********************************************************************************
CSharpCompilerWrapper.exe version: 2.0.3.30
Platform: Windows
Target assembly: Assembly-CSharp.dll
Project directory: C:\Users\timot\Documents\GitHub\Sarsa
Target profile directory: C:\Program Files\Unity\Editor\Data\Mono\lib\mono\unity
Unity 'Data' or 'Frameworks' directory: C:/Program Files/Unity/Editor/Data
Compiler: Microsoft C# 7.0

- Compilation -----------------------------------------------

Process: C:\Users\timot\Documents\GitHub\Sarsa\CSharp70Support\Roslyn\csc.exe
Arguments: -nostdlib+ -noconfig -nologo -r:"C:\Program Files\Unity\Editor\Data\Mono\lib\mono\unity\mscorlib.dll" -r:"C:\Program Files\Unity\Editor\Data\Mono\lib\mono\unity\System.dll" -r:"C:\Program Files\Unity\Editor\Data\Mono\lib\mono\unity\System.Core.dll" -r:"C:\Program Files\Unity\Editor\Data\Mono\lib\mono\unity\System.Xml.dll" @Temp/UnityTempFile-299aa0960d6ab8249a6aacb16a5f47a0 
********************************************************************************
*                       Monday, May 08, 2017 9:10:27 AM                        *
********************************************************************************
CSharpCompilerWrapper.exe version: 2.0.3.30
Platform: Windows
Target assembly: Assembly-CSharp.dll
Project directory: C:\Users\timot\Documents\GitHub\Sarsa
Target profile directory: C:\Program Files\Unity\Editor\Data\Mono\lib\mono\unity
Unity 'Data' or 'Frameworks' directory: C:/Program Files/Unity/Editor/Data
Compiler: Microsoft C# 7.0

- Compilation -----------------------------------------------

Process: C:\Users\timot\Documents\GitHub\Sarsa\CSharp70Support\Roslyn\csc.exe
Arguments: -nostdlib+ -noconfig -nologo -r:"C:\Program Files\Unity\Editor\Data\Mono\lib\mono\unity\mscorlib.dll" -r:"C:\Program Files\Unity\Editor\Data\Mono\lib\mono\unity\System.dll" -r:"C:\Program Files\Unity\Editor\Data\Mono\lib\mono\unity\System.Core.dll" -r:"C:\Program Files\Unity\Editor\Data\Mono\lib\mono\unity\System.Xml.dll" @Temp/UnityTempFile-ad351983e4c9a1846bcccb5bcddc9c0f 
Exit code: 0
Elapsed time: 8.51 sec

- Compiler output (0 lines):

- Compiler errors (0 lines):

- PDB to MDB conversion --------------------------------------

Process: C:\Users\timot\Documents\GitHub\Sarsa\CSharp70Support\Roslyn\pdb2mdb.exe
Arguments: Temp\Assembly-CSharp.dll
Exit code: 0
Elapsed time: 0.24 sec

- pdb2mdb.exe output (0 lines):
********************************************************************************
*                       Monday, May 08, 2017 9:10:36 AM                        *
********************************************************************************
CSharpCompilerWrapper.exe version: 2.0.3.30
Platform: Windows
Target assembly: Assembly-CSharp.dll
Project directory: C:\Users\timot\Documents\GitHub\Sarsa
Target profile directory: C:\Program Files\Unity\Editor\Data\Mono\lib\mono\unity
Unity 'Data' or 'Frameworks' directory: C:/Program Files/Unity/Editor/Data
Compiler: Microsoft C# 7.0

- Compilation -----------------------------------------------

Process: C:\Users\timot\Documents\GitHub\Sarsa\CSharp70Support\Roslyn\csc.exe
Arguments: -nostdlib+ -noconfig -nologo -r:"C:\Program Files\Unity\Editor\Data\Mono\lib\mono\unity\mscorlib.dll" -r:"C:\Program Files\Unity\Editor\Data\Mono\lib\mono\unity\System.dll" -r:"C:\Program Files\Unity\Editor\Data\Mono\lib\mono\unity\System.Core.dll" -r:"C:\Program Files\Unity\Editor\Data\Mono\lib\mono\unity\System.Xml.dll" @Temp/UnityTempFile-daad6926b5824664cb9bec110f502094 
Exit code: 0
Elapsed time: 7.04 sec

- Compiler output (0 lines):

- Compiler errors (0 lines):

- PDB to MDB conversion --------------------------------------

Process: C:\Users\timot\Documents\GitHub\Sarsa\CSharp70Support\Roslyn\pdb2mdb.exe
Arguments: Temp\Assembly-CSharp.dll
Exit code: 0
Elapsed time: 0.25 sec

- pdb2mdb.exe output (0 lines):
********************************************************************************
*                       Monday, May 08, 2017 9:10:45 AM                        *
********************************************************************************
CSharpCompilerWrapper.exe version: 2.0.3.30
Platform: Windows
Target assembly: Assembly-CSharp-Editor.dll
Project directory: C:\Users\timot\Documents\GitHub\Sarsa
Target profile directory: C:\Program Files\Unity\Editor\Data\MonoBleedingEdge\lib\mono\2.0-api
Unity 'Data' or 'Frameworks' directory: C:/Program Files/Unity/Editor/Data
Compiler: Microsoft C# 7.0

- Compilation -----------------------------------------------

Process: C:\Users\timot\Documents\GitHub\Sarsa\CSharp70Support\Roslyn\csc.exe
Arguments: -nostdlib+ -noconfig -nologo -r:"C:\Program Files\Unity\Editor\Data\MonoBleedingEdge\lib\mono\2.0-api\mscorlib.dll" -r:"C:\Program Files\Unity\Editor\Data\MonoBleedingEdge\lib\mono\2.0-api\System.dll" -r:"C:\Program Files\Unity\Editor\Data\MonoBleedingEdge\lib\mono\2.0-api\System.Core.dll" -r:"C:\Program Files\Unity\Editor\Data\MonoBleedingEdge\lib\mono\2.0-api\System.Xml.dll" @Temp/UnityTempFile-3848d0d711cc97d46941d9f92087f38f 
Exit code: 0
Elapsed time: 4.51 sec

- Compiler output (0 lines):

- Compiler errors (0 lines):

- PDB to MDB conversion --------------------------------------

Process: C:\Users\timot\Documents\GitHub\Sarsa\CSharp70Support\Roslyn\pdb2mdb.exe
Arguments: Temp\Assembly-CSharp-Editor.dll
Exit code: 0
Elapsed time: 0.22 sec

- pdb2mdb.exe output (0 lines):
